<?xml version="1.0" encoding="UTF-8"?>
<!-- Generated by org.testng.reporters.JUnitReportReporter -->
<testsuite skipped="15" hostname="Lap_RavindraK" name="mvnproject.Testinglf" tests="105" failures="0" timestamp="25 Oct 2018 11:07:59 GMT" time="274.421" errors="0">
  <testcase name="accessWebsite" time="5.358" classname="mvnproject.Testinglf"/>
  <testcase name="facebookLogin" time="14.064" classname="mvnproject.Testinglf"/>
  <testcase name="clickprofilelink" time="6.602" classname="mvnproject.Testinglf"/>
  <testcase name="homeFreshPics" time="4.440" classname="mvnproject.Testinglf"/>
  <testcase name="homeRecipeOftheDay" time="1.001" classname="mvnproject.Testinglf"/>
  <testcase name="homeOurChefs" time="0.171" classname="mvnproject.Testinglf"/>
  <testcase name="homeTrendingOnLf" time="2.089" classname="mvnproject.Testinglf"/>
  <testcase name="homeAllShows" time="0.102" classname="mvnproject.Testinglf"/>
  <testcase name="recipeLanding1" time="5.590" classname="mvnproject.Testinglf"/>
  <testcase name="recipeRecipeOftheDay" time="0.728" classname="mvnproject.Testinglf"/>
  <testcase name="recipeOurChef" time="0.137" classname="mvnproject.Testinglf"/>
  <testcase name="recipeCusineType" time="0.915" classname="mvnproject.Testinglf"/>
  <testcase name="recipeDetail" time="15.057" classname="mvnproject.Testinglf"/>
  <testcase name="recipeDetailComments" time="0.226" classname="mvnproject.Testinglf"/>
  <testcase name="showLanding1" time="4.569" classname="mvnproject.Testinglf"/>
  <testcase name="showOnLf" time="0.135" classname="mvnproject.Testinglf"/>
  <testcase name="showOurHosts" time="0.071" classname="mvnproject.Testinglf"/>
  <testcase name="showTrendingOnLF" time="0.093" classname="mvnproject.Testinglf"/>
  <testcase name="peopleLanding" time="2.858" classname="mvnproject.Testinglf"/>
  <testcase name="peopleChefHost" time="0.541" classname="mvnproject.Testinglf"/>
  <testcase name="peopleScoops" time="1.184" classname="mvnproject.Testinglf"/>
  <testcase name="ChefProfile" time="11.153" classname="mvnproject.Testinglf"/>
  <testcase name="ChefProfileRecipeByChef" time="0.199" classname="mvnproject.Testinglf"/>
  <testcase name="ChefProfileFBComments" time="0.030" classname="mvnproject.Testinglf"/>
  <testcase name="chefProfileOurChefs" time="0.081" classname="mvnproject.Testinglf"/>
  <testcase name="storyLanding" time="4.798" classname="mvnproject.Testinglf"/>
  <testcase name="storyDishup" time="0.351" classname="mvnproject.Testinglf"/>
  <testcase name="storyPopCulture" time="0.088" classname="mvnproject.Testinglf"/>
  <testcase name="storyPlaces" time="2.085" classname="mvnproject.Testinglf"/>
  <testcase name="storyEntertainment" time="1.466" classname="mvnproject.Testinglf"/>
  <testcase name="storyFoodplusplus" time="1.246" classname="mvnproject.Testinglf"/>
  <testcase name="storyHealth" time="1.349" classname="mvnproject.Testinglf"/>
  <testcase name="reviewLanding" time="6.311" classname="mvnproject.Testinglf"/>
  <testcase name="reviewMumbai" time="1.371" classname="mvnproject.Testinglf"/>
  <testcase name="reviewDelhi" time="1.151" classname="mvnproject.Testinglf"/>
  <testcase name="reviewBangalore" time="1.239" classname="mvnproject.Testinglf"/>
  <testcase name="reviewPune" time="1.199" classname="mvnproject.Testinglf"/>
  <testcase name="reviewOther" time="1.158" classname="mvnproject.Testinglf"/>
  <testcase name="howTo" time="2.300" classname="mvnproject.Testinglf"/>
  <testcase name="howToKitchenHacks" time="1.073" classname="mvnproject.Testinglf"/>
  <testcase name="howToTipsandTricks" time="0.312" classname="mvnproject.Testinglf"/>
  <testcase name="showDetails" time="5.831" classname="mvnproject.Testinglf"/>
  <testcase name="showdetailTitle" time="0.337" classname="mvnproject.Testinglf"/>
  <testcase name="showdetailDescription" time="0.120" classname="mvnproject.Testinglf"/>
  <testcase name="showdetailComments" time="0.006" classname="mvnproject.Testinglf"/>
  <testcase name="showdetailAboutHost" time="0.073" classname="mvnproject.Testinglf"/>
  <testcase name="showdetailArticleAboutShow" time="0.088" classname="mvnproject.Testinglf"/>
  <testcase name="showdetailOurHosts" time="2.076" classname="mvnproject.Testinglf"/>
  <testcase name="showdetail_All_Shows" time="0.080" classname="mvnproject.Testinglf"/>
  <testcase name="storyDetail" time="2.933" classname="mvnproject.Testinglf"/>
  <testcase name="storyDetailTitle" time="1.757" classname="mvnproject.Testinglf"/>
  <testcase name="storyDetailRelatedStories" time="1.069" classname="mvnproject.Testinglf"/>
  <testcase name="storyDetailsComments" time="0.006" classname="mvnproject.Testinglf"/>
  <testcase name="search" time="4.555" classname="mvnproject.Testinglf"/>
  <testcase name="BackfromStoryDetail" time="10.431" classname="mvnproject.Testinglf"/>
  <testcase name="homeCarousel" time="7.164" classname="mvnproject.Testinglf"/>
  <testcase name="recipeCarousel" time="8.160" classname="mvnproject.Testinglf"/>
  <testcase name="showCarousel" time="5.400" classname="mvnproject.Testinglf"/>
  <testcase name="peopleCarousel" time="3.897" classname="mvnproject.Testinglf"/>
  <testcase name="storyCarousel" time="6.071" classname="mvnproject.Testinglf"/>
  <testcase name="reviewCarousel" time="5.305" classname="mvnproject.Testinglf"/>
  <testcase name="howToCarousel" time="3.916" classname="mvnproject.Testinglf"/>
  <testcase name="recipeSublinksRecipeOfTheDay" time="6.622" classname="mvnproject.Testinglf"/>
  <testcase name="recirecipeSublinksCusineType" time="3.283" classname="mvnproject.Testinglf"/>
  <testcase name="recirecipeSublinksOurChef" time="2.095" classname="mvnproject.Testinglf"/>
  <testcase name="showSubLinkShowOnLF" time="9.050" classname="mvnproject.Testinglf"/>
  <testcase name="showSubLinkChefHost" time="3.026" classname="mvnproject.Testinglf"/>
  <testcase name="PeopleSubLinkChefandHost" time="6.226" classname="mvnproject.Testinglf"/>
  <testcase name="PeopleSubLinkScoop" time="2.650" classname="mvnproject.Testinglf"/>
  <testcase name="StorySublinkDishUp" time="6.747" classname="mvnproject.Testinglf"/>
  <testcase name="StorySublinkPopCulture" time="3.099" classname="mvnproject.Testinglf"/>
  <testcase name="StorySublinkPlace" time="2.519" classname="mvnproject.Testinglf"/>
  <testcase name="StorySublinkEntertainment" time="2.762" classname="mvnproject.Testinglf"/>
  <testcase name="StorySublinkFood" time="1.760" classname="mvnproject.Testinglf"/>
  <testcase name="StorySublinkHealth" time="2.375" classname="mvnproject.Testinglf"/>
  <testcase name="reviewSubLinkMumbai" time="5.078" classname="mvnproject.Testinglf"/>
  <testcase name="reviewSubLinkDelhi" time="2.286" classname="mvnproject.Testinglf"/>
  <testcase name="reviewSubLinkBangalore" time="2.304" classname="mvnproject.Testinglf"/>
  <testcase name="reviewSubLinkPune" time="3.324" classname="mvnproject.Testinglf"/>
  <testcase name="reviewSubLinkOther" time="2.185" classname="mvnproject.Testinglf"/>
  <testcase name="HowToSubLinkKitchenHacks" time="3.922" classname="mvnproject.Testinglf"/>
  <testcase name="HowToSubLinkTipsTricks" time="4.753" classname="mvnproject.Testinglf"/>
  <testcase name="aboutLF" time="4.982" classname="mvnproject.Testinglf"/>
  <testcase name="termsOfUse" time="2.275" classname="mvnproject.Testinglf"/>
  <testcase name="stayConnectedTwitter" time="2.408" classname="mvnproject.Testinglf"/>
  <testcase name="stayConnectedInsta" time="5.022" classname="mvnproject.Testinglf"/>
  <testcase name="stayConnectedFacebook" time="6.562" classname="mvnproject.Testinglf"/>
  <testcase name="reTargetting" time="2.761" classname="mvnproject.Testinglf"/>
  <testcase name="faceBookCode" time="0.126" classname="mvnproject.Testinglf"/>
  <testcase name="crazyEgg" time="0.053" classname="mvnproject.Testinglf"/>
  <testcase name="recipeOnCardDecRedirection" classname="mvnproject.Testinglf">
    <skipped/>
  </testcase> <!-- recipeOnCardDecRedirection -->
  <testcase name="awardBuzz" classname="mvnproject.Testinglf">
    <skipped/>
  </testcase> <!-- awardBuzz -->
  <testcase name="recipeOnCardTagRedirection" classname="mvnproject.Testinglf">
    <skipped/>
  </testcase> <!-- recipeOnCardTagRedirection -->
  <testcase name="showSubLinkTrendingonLF" classname="mvnproject.Testinglf">
    <skipped/>
  </testcase> <!-- showSubLinkTrendingonLF -->
  <testcase name="awardsCategories" classname="mvnproject.Testinglf">
    <skipped/>
  </testcase> <!-- awardsCategories -->
  <testcase name="nextStory" classname="mvnproject.Testinglf">
    <skipped/>
  </testcase> <!-- nextStory -->
  <testcase name="recipeOnCardTitleRedirection" classname="mvnproject.Testinglf">
    <skipped/>
  </testcase> <!-- recipeOnCardTitleRedirection -->
  <testcase name="UCG" classname="mvnproject.Testinglf">
    <skipped/>
  </testcase> <!-- UCG -->
  <testcase name="awards2017Winners" classname="mvnproject.Testinglf">
    <skipped/>
  </testcase> <!-- awards2017Winners -->
  <testcase name="recipeOnCardChefRedirection" classname="mvnproject.Testinglf">
    <skipped/>
  </testcase> <!-- recipeOnCardChefRedirection -->
  <testcase name="awardsEnteratiner" classname="mvnproject.Testinglf">
    <skipped/>
  </testcase> <!-- awardsEnteratiner -->
  <testcase name="awardsFoodInsta" classname="mvnproject.Testinglf">
    <skipped/>
  </testcase> <!-- awardsFoodInsta -->
  <testcase name="awards" classname="mvnproject.Testinglf">
    <skipped/>
  </testcase> <!-- awards -->
  <testcase name="awardsTicketsbookinglink" classname="mvnproject.Testinglf">
    <skipped/>
  </testcase> <!-- awardsTicketsbookinglink -->
  <testcase name="awardsAbout" classname="mvnproject.Testinglf">
    <skipped/>
  </testcase> <!-- awardsAbout -->
</testsuite> <!-- mvnproject.Testinglf -->
