<?xml version="1.0" encoding="UTF-8"?>
<!-- Generated by org.testng.reporters.JUnitReportReporter -->
<testsuite skipped="15" hostname="Lap_RavindraK" name="mvnproject.Testinglf" tests="105" failures="0" timestamp="16 Oct 2018 06:26:36 GMT" time="319.506" errors="0">
  <testcase name="accessWebsite" time="7.104" classname="mvnproject.Testinglf"/>
  <testcase name="facebookLogin" time="15.699" classname="mvnproject.Testinglf"/>
  <testcase name="clickprofilelink" time="2.985" classname="mvnproject.Testinglf"/>
  <testcase name="homeFreshPics" time="4.789" classname="mvnproject.Testinglf"/>
  <testcase name="homeRecipeOftheDay" time="1.178" classname="mvnproject.Testinglf"/>
  <testcase name="homeOurChefs" time="0.188" classname="mvnproject.Testinglf"/>
  <testcase name="homeTrendingOnLf" time="2.117" classname="mvnproject.Testinglf"/>
  <testcase name="homeAllShows" time="0.117" classname="mvnproject.Testinglf"/>
  <testcase name="recipeLanding1" time="8.006" classname="mvnproject.Testinglf"/>
  <testcase name="recipeRecipeOftheDay" time="0.094" classname="mvnproject.Testinglf"/>
  <testcase name="recipeOurChef" time="0.088" classname="mvnproject.Testinglf"/>
  <testcase name="recipeCusineType" time="0.506" classname="mvnproject.Testinglf"/>
  <testcase name="recipeDetail" time="53.399" classname="mvnproject.Testinglf"/>
  <testcase name="recipeDetailComments" time="0.027" classname="mvnproject.Testinglf"/>
  <testcase name="showLanding1" time="5.547" classname="mvnproject.Testinglf"/>
  <testcase name="showOnLf" time="0.084" classname="mvnproject.Testinglf"/>
  <testcase name="showOurHosts" time="0.107" classname="mvnproject.Testinglf"/>
  <testcase name="showTrendingOnLF" time="0.100" classname="mvnproject.Testinglf"/>
  <testcase name="peopleLanding" time="4.502" classname="mvnproject.Testinglf"/>
  <testcase name="peopleChefHost" time="0.401" classname="mvnproject.Testinglf"/>
  <testcase name="peopleScoops" time="1.069" classname="mvnproject.Testinglf"/>
  <testcase name="ChefProfile" time="5.841" classname="mvnproject.Testinglf"/>
  <testcase name="ChefProfileRecipeByChef" time="0.396" classname="mvnproject.Testinglf"/>
  <testcase name="ChefProfileFBComments" time="0.015" classname="mvnproject.Testinglf"/>
  <testcase name="chefProfileOurChefs" time="0.494" classname="mvnproject.Testinglf"/>
  <testcase name="storyLanding" time="3.665" classname="mvnproject.Testinglf"/>
  <testcase name="storyDishup" time="0.860" classname="mvnproject.Testinglf"/>
  <testcase name="storyPopCulture" time="1.011" classname="mvnproject.Testinglf"/>
  <testcase name="storyPlaces" time="2.068" classname="mvnproject.Testinglf"/>
  <testcase name="storyEntertainment" time="1.887" classname="mvnproject.Testinglf"/>
  <testcase name="storyFoodplusplus" time="1.557" classname="mvnproject.Testinglf"/>
  <testcase name="storyHealth" time="1.510" classname="mvnproject.Testinglf"/>
  <testcase name="reviewLanding" time="3.247" classname="mvnproject.Testinglf"/>
  <testcase name="reviewMumbai" time="2.278" classname="mvnproject.Testinglf"/>
  <testcase name="reviewDelhi" time="1.896" classname="mvnproject.Testinglf"/>
  <testcase name="reviewBangalore" time="1.315" classname="mvnproject.Testinglf"/>
  <testcase name="reviewPune" time="1.203" classname="mvnproject.Testinglf"/>
  <testcase name="reviewOther" time="1.324" classname="mvnproject.Testinglf"/>
  <testcase name="howTo" time="2.233" classname="mvnproject.Testinglf"/>
  <testcase name="howToKitchenHacks" time="1.335" classname="mvnproject.Testinglf"/>
  <testcase name="howToTipsandTricks" time="0.378" classname="mvnproject.Testinglf"/>
  <testcase name="showDetails" time="4.918" classname="mvnproject.Testinglf"/>
  <testcase name="showdetailTitle" time="0.868" classname="mvnproject.Testinglf"/>
  <testcase name="showdetailDescription" time="0.361" classname="mvnproject.Testinglf"/>
  <testcase name="showdetailComments" time="0.010" classname="mvnproject.Testinglf"/>
  <testcase name="showdetailAboutHost" time="0.129" classname="mvnproject.Testinglf"/>
  <testcase name="showdetailArticleAboutShow" time="0.185" classname="mvnproject.Testinglf"/>
  <testcase name="showdetailOurHosts" time="2.089" classname="mvnproject.Testinglf"/>
  <testcase name="showdetail_All_Shows" time="0.106" classname="mvnproject.Testinglf"/>
  <testcase name="storyDetail" time="3.416" classname="mvnproject.Testinglf"/>
  <testcase name="storyDetailTitle" time="2.145" classname="mvnproject.Testinglf"/>
  <testcase name="storyDetailRelatedStories" time="1.383" classname="mvnproject.Testinglf"/>
  <testcase name="storyDetailsComments" time="0.013" classname="mvnproject.Testinglf"/>
  <testcase name="search" time="5.534" classname="mvnproject.Testinglf"/>
  <testcase name="BackfromStoryDetail" time="11.078" classname="mvnproject.Testinglf"/>
  <testcase name="homeCarousel" time="7.738" classname="mvnproject.Testinglf"/>
  <testcase name="recipeCarousel" time="8.541" classname="mvnproject.Testinglf"/>
  <testcase name="showCarousel" time="5.172" classname="mvnproject.Testinglf"/>
  <testcase name="peopleCarousel" time="4.309" classname="mvnproject.Testinglf"/>
  <testcase name="storyCarousel" time="6.159" classname="mvnproject.Testinglf"/>
  <testcase name="reviewCarousel" time="5.860" classname="mvnproject.Testinglf"/>
  <testcase name="howToCarousel" time="3.967" classname="mvnproject.Testinglf"/>
  <testcase name="recipeSublinksRecipeOfTheDay" time="6.310" classname="mvnproject.Testinglf"/>
  <testcase name="recirecipeSublinksCusineType" time="2.521" classname="mvnproject.Testinglf"/>
  <testcase name="recirecipeSublinksOurChef" time="2.548" classname="mvnproject.Testinglf"/>
  <testcase name="showSubLinkShowOnLF" time="6.052" classname="mvnproject.Testinglf"/>
  <testcase name="showSubLinkChefHost" time="2.998" classname="mvnproject.Testinglf"/>
  <testcase name="PeopleSubLinkChefandHost" time="6.043" classname="mvnproject.Testinglf"/>
  <testcase name="PeopleSubLinkScoop" time="3.628" classname="mvnproject.Testinglf"/>
  <testcase name="StorySublinkDishUp" time="7.009" classname="mvnproject.Testinglf"/>
  <testcase name="StorySublinkPopCulture" time="2.280" classname="mvnproject.Testinglf"/>
  <testcase name="StorySublinkPlace" time="2.598" classname="mvnproject.Testinglf"/>
  <testcase name="StorySublinkEntertainment" time="2.635" classname="mvnproject.Testinglf"/>
  <testcase name="StorySublinkFood" time="1.454" classname="mvnproject.Testinglf"/>
  <testcase name="StorySublinkHealth" time="2.309" classname="mvnproject.Testinglf"/>
  <testcase name="reviewSubLinkMumbai" time="8.511" classname="mvnproject.Testinglf"/>
  <testcase name="reviewSubLinkDelhi" time="2.444" classname="mvnproject.Testinglf"/>
  <testcase name="reviewSubLinkBangalore" time="2.587" classname="mvnproject.Testinglf"/>
  <testcase name="reviewSubLinkPune" time="2.120" classname="mvnproject.Testinglf"/>
  <testcase name="reviewSubLinkOther" time="2.448" classname="mvnproject.Testinglf"/>
  <testcase name="HowToSubLinkKitchenHacks" time="5.920" classname="mvnproject.Testinglf"/>
  <testcase name="HowToSubLinkTipsTricks" time="3.286" classname="mvnproject.Testinglf"/>
  <testcase name="aboutLF" time="3.201" classname="mvnproject.Testinglf"/>
  <testcase name="termsOfUse" time="1.651" classname="mvnproject.Testinglf"/>
  <testcase name="stayConnectedTwitter" time="2.373" classname="mvnproject.Testinglf"/>
  <testcase name="stayConnectedInsta" time="5.247" classname="mvnproject.Testinglf"/>
  <testcase name="stayConnectedFacebook" time="9.138" classname="mvnproject.Testinglf"/>
  <testcase name="reTargetting" time="2.744" classname="mvnproject.Testinglf"/>
  <testcase name="faceBookCode" time="1.830" classname="mvnproject.Testinglf"/>
  <testcase name="crazyEgg" time="1.020" classname="mvnproject.Testinglf"/>
  <testcase name="recipeOnCardDecRedirection" classname="mvnproject.Testinglf">
    <skipped/>
  </testcase> <!-- recipeOnCardDecRedirection -->
  <testcase name="awardBuzz" classname="mvnproject.Testinglf">
    <skipped/>
  </testcase> <!-- awardBuzz -->
  <testcase name="recipeOnCardTagRedirection" classname="mvnproject.Testinglf">
    <skipped/>
  </testcase> <!-- recipeOnCardTagRedirection -->
  <testcase name="showSubLinkTrendingonLF" classname="mvnproject.Testinglf">
    <skipped/>
  </testcase> <!-- showSubLinkTrendingonLF -->
  <testcase name="awardsCategories" classname="mvnproject.Testinglf">
    <skipped/>
  </testcase> <!-- awardsCategories -->
  <testcase name="nextStory" classname="mvnproject.Testinglf">
    <skipped/>
  </testcase> <!-- nextStory -->
  <testcase name="recipeOnCardTitleRedirection" classname="mvnproject.Testinglf">
    <skipped/>
  </testcase> <!-- recipeOnCardTitleRedirection -->
  <testcase name="UCG" classname="mvnproject.Testinglf">
    <skipped/>
  </testcase> <!-- UCG -->
  <testcase name="awards2017Winners" classname="mvnproject.Testinglf">
    <skipped/>
  </testcase> <!-- awards2017Winners -->
  <testcase name="recipeOnCardChefRedirection" classname="mvnproject.Testinglf">
    <skipped/>
  </testcase> <!-- recipeOnCardChefRedirection -->
  <testcase name="awardsEnteratiner" classname="mvnproject.Testinglf">
    <skipped/>
  </testcase> <!-- awardsEnteratiner -->
  <testcase name="awardsFoodInsta" classname="mvnproject.Testinglf">
    <skipped/>
  </testcase> <!-- awardsFoodInsta -->
  <testcase name="awards" classname="mvnproject.Testinglf">
    <skipped/>
  </testcase> <!-- awards -->
  <testcase name="awardsTicketsbookinglink" classname="mvnproject.Testinglf">
    <skipped/>
  </testcase> <!-- awardsTicketsbookinglink -->
  <testcase name="awardsAbout" classname="mvnproject.Testinglf">
    <skipped/>
  </testcase> <!-- awardsAbout -->
</testsuite> <!-- mvnproject.Testinglf -->
